<?xml version="1.0" encoding="UTF-8"?>
<testsuite name="org.cirdles.fileinputstuff.FileInputStuffTest" tests="3" skipped="0" failures="0" errors="0" timestamp="2017-12-23T06:07:37" hostname="Ryans-MacBook-Pro.local" time="0.033">
  <properties/>
  <testcase name="testGetList" classname="org.cirdles.fileinputstuff.FileInputStuffTest" time="0.028"/>
  <testcase name="testMakeList" classname="org.cirdles.fileinputstuff.FileInputStuffTest" time="0.003"/>
  <testcase name="testGetPerson" classname="org.cirdles.fileinputstuff.FileInputStuffTest" time="0.001"/>
  <system-out><![CDATA[getList
makeList
getPerson
]]></system-out>
  <system-err><![CDATA[]]></system-err>
</testsuite>
