<?xml version="1.0" encoding="UTF-8"?>
<testsuite name="org.cirdles.fileinputstuff.BinarySerializationTest" tests="3" skipped="0" failures="0" errors="0" timestamp="2017-12-26T21:08:31" hostname="Ryans-MacBook-Pro.local" time="0.078">
  <properties/>
  <testcase name="testGetList" classname="org.cirdles.fileinputstuff.BinarySerializationTest" time="0.046"/>
  <testcase name="testMakeList" classname="org.cirdles.fileinputstuff.BinarySerializationTest" time="0.027"/>
  <testcase name="testGetPerson" classname="org.cirdles.fileinputstuff.BinarySerializationTest" time="0.002"/>
  <system-out><![CDATA[getList
makeList
getPerson
]]></system-out>
  <system-err><![CDATA[]]></system-err>
</testsuite>
