<?xml version="1.0" encoding="UTF-8"?>
<testsuite name="org.cirdles.fileinputstuff.PersonTest" tests="4" skipped="0" failures="0" errors="0" timestamp="2017-12-18T19:50:29" hostname="Ryans-MacBook-Pro.local" time="0.004">
  <properties/>
  <testcase name="testCompareToDifferent" classname="org.cirdles.fileinputstuff.PersonTest" time="0.0"/>
  <testcase name="testCompareToSame" classname="org.cirdles.fileinputstuff.PersonTest" time="0.001"/>
  <testcase name="testEqualsDifferent" classname="org.cirdles.fileinputstuff.PersonTest" time="0.0"/>
  <testcase name="testEqualsSame" classname="org.cirdles.fileinputstuff.PersonTest" time="0.0"/>
  <system-out><![CDATA[testCompareToSame
testCompareToSame
testEqualsDifferent
testEqualsSame
]]></system-out>
  <system-err><![CDATA[]]></system-err>
</testsuite>
