<?xml version="1.0" encoding="UTF-8"?>
<testsuite name="org.cirdles.fileinputstuff.BinarySerializationTest" tests="3" skipped="0" failures="0" errors="0" timestamp="2017-12-26T18:14:40" hostname="Ryans-MacBook-Pro.local" time="0.087">
  <properties/>
  <testcase name="testGetList" classname="org.cirdles.fileinputstuff.BinarySerializationTest" time="0.048"/>
  <testcase name="testMakeList" classname="org.cirdles.fileinputstuff.BinarySerializationTest" time="0.038"/>
  <testcase name="testGetPerson" classname="org.cirdles.fileinputstuff.BinarySerializationTest" time="0.001"/>
  <system-out><![CDATA[getList
makeList
getPerson
]]></system-out>
  <system-err><![CDATA[]]></system-err>
</testsuite>
